2024-12-28 12:45:33,425 - INFO - Chrome driver 初始化成功
2024-12-28 12:45:33,426 - INFO - 开始登录Pinterest...
2024-12-28 12:45:41,733 - INFO - 登录成功!
2024-12-28 12:45:41,734 - INFO - 开始处理关键词: 时尚穿搭
2024-12-28 12:45:46,654 - INFO - 搜索关键词: 时尚穿搭
2024-12-28 12:45:49,018 - INFO - 已找到 34 张图片
2024-12-28 12:45:51,220 - INFO - 已找到 33 张图片
2024-12-28 12:45:53,333 - INFO - 已找到 34 张图片
2024-12-28 12:45:55,483 - INFO - 已找到 35 张图片
2024-12-28 12:45:57,701 - INFO - 已找到 36 张图片
2024-12-28 12:45:59,915 - INFO - 已找到 33 张图片
2024-12-28 12:46:02,302 - INFO - 已找到 36 张图片
2024-12-28 12:46:04,589 - INFO - 已找到 26 张图片
2024-12-28 12:46:06,785 - INFO - 已找到 35 张图片
2024-12-28 12:46:08,961 - INFO - 已找到 37 张图片
2024-12-28 12:46:11,075 - INFO - 已找到 19 张图片
2024-12-28 12:46:13,234 - INFO - 已找到 27 张图片
2024-12-28 12:46:15,351 - INFO - 已找到 34 张图片
2024-12-28 12:46:17,463 - INFO - 已找到 16 张图片
2024-12-28 12:46:19,682 - INFO - 已找到 36 张图片
2024-12-28 12:46:21,907 - INFO - 已找到 37 张图片
2024-12-28 12:46:24,026 - INFO - 已找到 39 张图片
2024-12-28 12:46:26,164 - INFO - 已找到 40 张图片
2024-12-28 12:46:28,408 - INFO - 已找到 38 张图片
2024-12-28 12:46:30,531 - INFO - 已找到 29 张图片
2024-12-28 12:46:32,646 - INFO - 已找到 35 张图片
2024-12-28 12:46:34,815 - INFO - 已找到 39 张图片
2024-12-28 12:46:36,991 - INFO - 已找到 28 张图片
2024-12-28 12:46:39,138 - INFO - 已找到 35 张图片
2024-12-28 12:46:41,341 - INFO - 已找到 37 张图片
2024-12-28 12:46:43,496 - INFO - 已找到 37 张图片
2024-12-28 12:46:45,627 - INFO - 已找到 38 张图片
2024-12-28 12:46:47,852 - INFO - 已找到 38 张图片
2024-12-28 12:46:49,977 - INFO - 已找到 34 张图片
2024-12-28 12:46:52,170 - INFO - 已找到 36 张图片
2024-12-28 12:46:54,283 - INFO - 已找到 31 张图片
2024-12-28 12:46:56,449 - INFO - 已找到 29 张图片
2024-12-28 12:46:58,679 - INFO - 已找到 39 张图片
2024-12-28 12:47:01,059 - INFO - 已找到 37 张图片
2024-12-28 12:47:03,348 - INFO - 已找到 38 张图片
2024-12-28 12:47:05,669 - INFO - 已找到 37 张图片
2024-12-28 12:47:07,819 - INFO - 已找到 35 张图片
2024-12-28 12:47:09,991 - INFO - 已找到 40 张图片
2024-12-28 12:47:12,279 - INFO - 已找到 38 张图片
2024-12-28 12:47:14,406 - INFO - 已找到 26 张图片
2024-12-28 12:47:16,516 - INFO - 已找到 36 张图片
2024-12-28 12:47:18,717 - INFO - 已找到 38 张图片
2024-12-28 12:47:20,849 - INFO - 已找到 33 张图片
2024-12-28 12:47:23,070 - INFO - 已找到 37 张图片
2024-12-28 12:47:25,195 - INFO - 已找到 35 张图片
2024-12-28 12:47:27,399 - INFO - 已找到 39 张图片
